* installing *source* package ‘tidylda’ ...
** package ‘tidylda’ successfully unpacked and MD5 sums checked
** using staged installation
** libs
clang++ -mmacosx-version-min=10.13 -std=gnu++11 -I"/Library/Frameworks/R.framework/Resources/include" -DNDEBUG  -I'/Users/tommy/Documents/___R_Development/mvrsquared/revdep/library.noindex/mvrsquared/new/Rcpp/include' -I'/Users/tommy/Documents/___R_Development/mvrsquared/revdep/library.noindex/mvrsquared/new/RcppArmadillo/include' -I'/Users/tommy/Documents/___R_Development/mvrsquared/revdep/library.noindex/tidylda/RcppProgress/include' -I'/Users/tommy/Documents/___R_Development/mvrsquared/revdep/library.noindex/tidylda/RcppThread/include' -I/usr/local/include   -DARMA_64BIT_WORD=1 -fPIC  -Wall -g -O2  -c RcppExports.cpp -o RcppExports.o
clang -mmacosx-version-min=10.13 -I"/Library/Frameworks/R.framework/Resources/include" -DNDEBUG  -I'/Users/tommy/Documents/___R_Development/mvrsquared/revdep/library.noindex/mvrsquared/new/Rcpp/include' -I'/Users/tommy/Documents/___R_Development/mvrsquared/revdep/library.noindex/mvrsquared/new/RcppArmadillo/include' -I'/Users/tommy/Documents/___R_Development/mvrsquared/revdep/library.noindex/tidylda/RcppProgress/include' -I'/Users/tommy/Documents/___R_Development/mvrsquared/revdep/library.noindex/tidylda/RcppThread/include' -I/usr/local/include   -fPIC  -Wall -g -O2  -c init.c -o init.o
clang++ -mmacosx-version-min=10.13 -std=gnu++11 -I"/Library/Frameworks/R.framework/Resources/include" -DNDEBUG  -I'/Users/tommy/Documents/___R_Development/mvrsquared/revdep/library.noindex/mvrsquared/new/Rcpp/include' -I'/Users/tommy/Documents/___R_Development/mvrsquared/revdep/library.noindex/mvrsquared/new/RcppArmadillo/include' -I'/Users/tommy/Documents/___R_Development/mvrsquared/revdep/library.noindex/tidylda/RcppProgress/include' -I'/Users/tommy/Documents/___R_Development/mvrsquared/revdep/library.noindex/tidylda/RcppThread/include' -I/usr/local/include   -DARMA_64BIT_WORD=1 -fPIC  -Wall -g -O2  -c lda_gibbs2.cpp -o lda_gibbs2.o
clang++ -mmacosx-version-min=10.13 -std=gnu++11 -dynamiclib -Wl,-headerpad_max_install_names -undefined dynamic_lookup -single_module -multiply_defined suppress -L/Library/Frameworks/R.framework/Resources/lib -L/usr/local/lib -lomp -o tidylda.so RcppExports.o init.o lda_gibbs2.o -L/Library/Frameworks/R.framework/Resources/lib -lRlapack -L/Library/Frameworks/R.framework/Resources/lib -lRblas -L/usr/local/gfortran/lib/gcc/x86_64-apple-darwin18/8.2.0 -L/usr/local/gfortran/lib -lgfortran -lquadmath -lm -F/Library/Frameworks/R.framework/.. -framework R -Wl,-framework -Wl,CoreFoundation
ld: warning: dylib (/usr/local/lib/libomp.dylib) was built for newer macOS version (11.0) than being linked (10.13)
ld: warning: dylib (/usr/local/gfortran/lib/libgfortran.dylib) was built for newer macOS version (10.14) than being linked (10.13)
ld: warning: dylib (/usr/local/gfortran/lib/libquadmath.dylib) was built for newer macOS version (10.14) than being linked (10.13)
/Users/tommy/Documents/___R_Development/mvrsquared/revdep/checks.noindex/tidylda/new/tidylda.Rcheck/00_pkg_src/tidylda/src/init.o: no symbols
installing to /Users/tommy/Documents/___R_Development/mvrsquared/revdep/checks.noindex/tidylda/new/tidylda.Rcheck/00LOCK-tidylda/00new/tidylda/libs
** R
** data
*** moving datasets to lazyload DB
** inst
** byte-compile and prepare package for lazy loading
** help
*** installing help indices
*** copying figures
** building package indices
** testing if installed package can be loaded from temporary location
** checking absolute paths in shared objects and dynamic libraries
** testing if installed package can be loaded from final location
** testing if installed package keeps a record of temporary installation path
* DONE (tidylda)
